{"/Users/lucas.costa/Documents/Projects_Mac/Alura/ReactNative/expo/gatito/App.js": {"path":"/Users/lucas.costa/Documents/Projects_Mac/Alura/ReactNative/expo/gatito/App.js","statementMap":{"0":{"start":{"line":11,"column":2},"end":{"line":15,"column":4}}},"fnMap":{"0":{"name":"App","decl":{"start":{"line":9,"column":24},"end":{"line":9,"column":27}},"loc":{"start":{"line":9,"column":30},"end":{"line":16,"column":1}},"line":9}},"branchMap":{},"s":{"0":1},"f":{"0":1},"b":{},"_coverageSchema":"1a1c01bbd47fc00a2c39e90264f33305004495a9","hash":"08834800ccdb6b0680d37a320480162d92a7e737"}
,"/Users/lucas.costa/Documents/Projects_Mac/Alura/ReactNative/expo/gatito/src/Rotas.js": {"path":"/Users/lucas.costa/Documents/Projects_Mac/Alura/ReactNative/expo/gatito/src/Rotas.js","statementMap":{"0":{"start":{"line":11,"column":12},"end":{"line":11,"column":38}},"1":{"start":{"line":16,"column":4},"end":{"line":45,"column":6}}},"fnMap":{"0":{"name":"Rotas","decl":{"start":{"line":15,"column":24},"end":{"line":15,"column":29}},"loc":{"start":{"line":15,"column":32},"end":{"line":46,"column":1}},"line":15}},"branchMap":{},"s":{"0":2,"1":2},"f":{"0":2},"b":{},"_coverageSchema":"1a1c01bbd47fc00a2c39e90264f33305004495a9","hash":"f9265c20d6e435783f14a51fa1c7fd4661ccd29e"}
,"/Users/lucas.costa/Documents/Projects_Mac/Alura/ReactNative/expo/gatito/src/estilos.js": {"path":"/Users/lucas.costa/Documents/Projects_Mac/Alura/ReactNative/expo/gatito/src/estilos.js","statementMap":{"0":{"start":{"line":9,"column":21},"end":{"line":15,"column":1}}},"fnMap":{},"branchMap":{},"s":{"0":13},"f":{},"b":{},"_coverageSchema":"1a1c01bbd47fc00a2c39e90264f33305004495a9","hash":"b5d1aa40f298215282269d945c50bc858b6712a3"}
,"/Users/lucas.costa/Documents/Projects_Mac/Alura/ReactNative/expo/gatito/src/componentes/Botao/estilos.js": {"path":"/Users/lucas.costa/Documents/Projects_Mac/Alura/ReactNative/expo/gatito/src/componentes/Botao/estilos.js","statementMap":{"0":{"start":{"line":4,"column":39},"end":{"line":24,"column":2}}},"fnMap":{"0":{"name":"(anonymous_0)","decl":{"start":{"line":4,"column":15},"end":{"line":4,"column":16}},"loc":{"start":{"line":4,"column":39},"end":{"line":24,"column":2}},"line":4}},"branchMap":{"0":{"loc":{"start":{"line":7,"column":21},"end":{"line":7,"column":36}},"type":"cond-expr","locations":[{"start":{"line":7,"column":31},"end":{"line":7,"column":32}},{"start":{"line":7,"column":35},"end":{"line":7,"column":36}}],"line":7},"1":{"loc":{"start":{"line":9,"column":21},"end":{"line":9,"column":59}},"type":"cond-expr","locations":[{"start":{"line":9,"column":33},"end":{"line":9,"column":46}},{"start":{"line":9,"column":49},"end":{"line":9,"column":59}}],"line":9},"2":{"loc":{"start":{"line":22,"column":11},"end":{"line":22,"column":49}},"type":"cond-expr","locations":[{"start":{"line":22,"column":23},"end":{"line":22,"column":33}},{"start":{"line":22,"column":36},"end":{"line":22,"column":49}}],"line":22}},"s":{"0":12},"f":{"0":12},"b":{"0":[1,11],"1":[4,8],"2":[4,8]},"_coverageSchema":"1a1c01bbd47fc00a2c39e90264f33305004495a9","hash":"1e585b749419fd33d82d951057d285c741cbef64"}
,"/Users/lucas.costa/Documents/Projects_Mac/Alura/ReactNative/expo/gatito/src/componentes/Botao/index.js": {"path":"/Users/lucas.costa/Documents/Projects_Mac/Alura/ReactNative/expo/gatito/src/componentes/Botao/index.js","statementMap":{"0":{"start":{"line":7,"column":24},"end":{"line":7,"column":63}},"1":{"start":{"line":8,"column":2},"end":{"line":10,"column":21}}},"fnMap":{"0":{"name":"Botao","decl":{"start":{"line":6,"column":24},"end":{"line":6,"column":29}},"loc":{"start":{"line":6,"column":99},"end":{"line":11,"column":1}},"line":6}},"branchMap":{"0":{"loc":{"start":{"line":6,"column":31},"end":{"line":6,"column":46}},"type":"default-arg","locations":[{"start":{"line":6,"column":41},"end":{"line":6,"column":46}}],"line":6},"1":{"loc":{"start":{"line":6,"column":48},"end":{"line":6,"column":65}},"type":"default-arg","locations":[{"start":{"line":6,"column":60},"end":{"line":6,"column":65}}],"line":6}},"s":{"0":12,"1":12},"f":{"0":12},"b":{"0":[10],"1":[7]},"_coverageSchema":"1a1c01bbd47fc00a2c39e90264f33305004495a9","hash":"eeec3048914e1f1fab573e6c059cf9737555972e"}
,"/Users/lucas.costa/Documents/Projects_Mac/Alura/ReactNative/expo/gatito/src/componentes/CampoInteiro/estilos.js": {"path":"/Users/lucas.costa/Documents/Projects_Mac/Alura/ReactNative/expo/gatito/src/componentes/CampoInteiro/estilos.js","statementMap":{},"fnMap":{},"branchMap":{},"s":{},"f":{},"b":{},"_coverageSchema":"1a1c01bbd47fc00a2c39e90264f33305004495a9","hash":"051c2a734d70d7ea45a4eba0909cd96321626a52"}
,"/Users/lucas.costa/Documents/Projects_Mac/Alura/ReactNative/expo/gatito/src/componentes/CampoInteiro/index.js": {"path":"/Users/lucas.costa/Documents/Projects_Mac/Alura/ReactNative/expo/gatito/src/componentes/CampoInteiro/index.js","statementMap":{"0":{"start":{"line":7,"column":19},"end":{"line":14,"column":3}},"1":{"start":{"line":8,"column":28},"end":{"line":8,"column":55}},"2":{"start":{"line":9,"column":4},"end":{"line":9,"column":33}},"3":{"start":{"line":9,"column":26},"end":{"line":9,"column":33}},"4":{"start":{"line":11,"column":31},"end":{"line":11,"column":66}},"5":{"start":{"line":13,"column":4},"end":{"line":13,"column":36}},"6":{"start":{"line":16,"column":24},"end":{"line":16,"column":37}},"7":{"start":{"line":18,"column":2},"end":{"line":25,"column":4}},"8":{"start":{"line":23,"column":34},"end":{"line":23,"column":59}}},"fnMap":{"0":{"name":"CampoInteiro","decl":{"start":{"line":6,"column":24},"end":{"line":6,"column":36}},"loc":{"start":{"line":6,"column":61},"end":{"line":26,"column":1}},"line":6},"1":{"name":"(anonymous_1)","decl":{"start":{"line":7,"column":19},"end":{"line":7,"column":20}},"loc":{"start":{"line":7,"column":47},"end":{"line":14,"column":3}},"line":7},"2":{"name":"(anonymous_2)","decl":{"start":{"line":23,"column":18},"end":{"line":23,"column":19}},"loc":{"start":{"line":23,"column":33},"end":{"line":23,"column":60}},"line":23}},"branchMap":{"0":{"loc":{"start":{"line":9,"column":4},"end":{"line":9,"column":33}},"type":"if","locations":[{"start":{"line":9,"column":4},"end":{"line":9,"column":33}},{"start":{},"end":{}}],"line":9}},"s":{"0":9,"1":3,"2":3,"3":1,"4":2,"5":2,"6":9,"7":9,"8":3},"f":{"0":9,"1":3,"2":3},"b":{"0":[1,2]},"_coverageSchema":"1a1c01bbd47fc00a2c39e90264f33305004495a9","hash":"5c632b54790b047b161a37335e1e0edcf9b67871"}
,"/Users/lucas.costa/Documents/Projects_Mac/Alura/ReactNative/expo/gatito/src/componentes/StatusCarrinho/estilos.js": {"path":"/Users/lucas.costa/Documents/Projects_Mac/Alura/ReactNative/expo/gatito/src/componentes/StatusCarrinho/estilos.js","statementMap":{},"fnMap":{},"branchMap":{},"s":{},"f":{},"b":{},"_coverageSchema":"1a1c01bbd47fc00a2c39e90264f33305004495a9","hash":"77c1789c889da54003567afdefcab657076ce65c"}
,"/Users/lucas.costa/Documents/Projects_Mac/Alura/ReactNative/expo/gatito/src/componentes/StatusCarrinho/index.js": {"path":"/Users/lucas.costa/Documents/Projects_Mac/Alura/ReactNative/expo/gatito/src/componentes/StatusCarrinho/index.js","statementMap":{"0":{"start":{"line":9,"column":2},"end":{"line":23,"column":9}}},"fnMap":{"0":{"name":"StatusCarrinho","decl":{"start":{"line":8,"column":24},"end":{"line":8,"column":38}},"loc":{"start":{"line":8,"column":64},"end":{"line":24,"column":1}},"line":8}},"branchMap":{},"s":{"0":3},"f":{"0":3},"b":{},"_coverageSchema":"1a1c01bbd47fc00a2c39e90264f33305004495a9","hash":"4ebb5d18b1330cd8b324567510cfcb05ca588c74"}
,"/Users/lucas.costa/Documents/Projects_Mac/Alura/ReactNative/expo/gatito/src/componentes/TelaPadrao/estilos.js": {"path":"/Users/lucas.costa/Documents/Projects_Mac/Alura/ReactNative/expo/gatito/src/componentes/TelaPadrao/estilos.js","statementMap":{},"fnMap":{},"branchMap":{},"s":{},"f":{},"b":{},"_coverageSchema":"1a1c01bbd47fc00a2c39e90264f33305004495a9","hash":"c364a2670bbcf3b52c25ad6dc24372f291aac494"}
,"/Users/lucas.costa/Documents/Projects_Mac/Alura/ReactNative/expo/gatito/src/componentes/TelaPadrao/index.js": {"path":"/Users/lucas.costa/Documents/Projects_Mac/Alura/ReactNative/expo/gatito/src/componentes/TelaPadrao/index.js","statementMap":{"0":{"start":{"line":8,"column":2},"end":{"line":20,"column":5}}},"fnMap":{"0":{"name":"TelaPadrao","decl":{"start":{"line":7,"column":24},"end":{"line":7,"column":34}},"loc":{"start":{"line":7,"column":49},"end":{"line":22,"column":1}},"line":7}},"branchMap":{"0":{"loc":{"start":{"line":13,"column":18},"end":{"line":13,"column":61}},"type":"cond-expr","locations":[{"start":{"line":13,"column":41},"end":{"line":13,"column":50}},{"start":{"line":13,"column":53},"end":{"line":13,"column":61}}],"line":13}},"s":{"0":2},"f":{"0":2},"b":{"0":[2,0]},"_coverageSchema":"1a1c01bbd47fc00a2c39e90264f33305004495a9","hash":"f564d2bf81e20464f963729919511f5f5851ae8d"}
,"/Users/lucas.costa/Documents/Projects_Mac/Alura/ReactNative/expo/gatito/src/telas/Carrinho/index.js": {"path":"/Users/lucas.costa/Documents/Projects_Mac/Alura/ReactNative/expo/gatito/src/telas/Carrinho/index.js","statementMap":{"0":{"start":{"line":8,"column":17},"end":{"line":30,"column":1}},"1":{"start":{"line":33,"column":16},"end":{"line":33,"column":94}},"2":{"start":{"line":33,"column":63},"end":{"line":33,"column":90}},"3":{"start":{"line":35,"column":2},"end":{"line":42,"column":5}},"4":{"start":{"line":39,"column":30},"end":{"line":39,"column":49}},"5":{"start":{"line":40,"column":30},"end":{"line":40,"column":40}}},"fnMap":{"0":{"name":"Carrinho","decl":{"start":{"line":32,"column":24},"end":{"line":32,"column":32}},"loc":{"start":{"line":32,"column":35},"end":{"line":43,"column":1}},"line":32},"1":{"name":"(anonymous_1)","decl":{"start":{"line":33,"column":32},"end":{"line":33,"column":33}},"loc":{"start":{"line":33,"column":63},"end":{"line":33,"column":90}},"line":33},"2":{"name":"(anonymous_2)","decl":{"start":{"line":39,"column":18},"end":{"line":39,"column":19}},"loc":{"start":{"line":39,"column":30},"end":{"line":39,"column":49}},"line":39},"3":{"name":"(anonymous_3)","decl":{"start":{"line":40,"column":20},"end":{"line":40,"column":21}},"loc":{"start":{"line":40,"column":30},"end":{"line":40,"column":40}},"line":40}},"branchMap":{},"s":{"0":3,"1":1,"2":3,"3":1,"4":3,"5":4},"f":{"0":1,"1":3,"2":3,"3":4},"b":{},"_coverageSchema":"1a1c01bbd47fc00a2c39e90264f33305004495a9","hash":"1aaa9126ea50698c8c23de831270803dab0fd6d9"}
,"/Users/lucas.costa/Documents/Projects_Mac/Alura/ReactNative/expo/gatito/src/telas/Carrinho/Item/estilos.js": {"path":"/Users/lucas.costa/Documents/Projects_Mac/Alura/ReactNative/expo/gatito/src/telas/Carrinho/Item/estilos.js","statementMap":{},"fnMap":{},"branchMap":{},"s":{},"f":{},"b":{},"_coverageSchema":"1a1c01bbd47fc00a2c39e90264f33305004495a9","hash":"0528414a57eec079ca00f338c0c803ed15a99148"}
,"/Users/lucas.costa/Documents/Projects_Mac/Alura/ReactNative/expo/gatito/src/telas/Carrinho/Item/index.js": {"path":"/Users/lucas.costa/Documents/Projects_Mac/Alura/ReactNative/expo/gatito/src/telas/Carrinho/Item/index.js","statementMap":{"0":{"start":{"line":11,"column":38},"end":{"line":11,"column":65}},"1":{"start":{"line":12,"column":28},"end":{"line":12,"column":63}},"2":{"start":{"line":14,"column":34},"end":{"line":17,"column":3}},"3":{"start":{"line":15,"column":4},"end":{"line":15,"column":34}},"4":{"start":{"line":16,"column":4},"end":{"line":16,"column":32}},"5":{"start":{"line":19,"column":23},"end":{"line":21,"column":3}},"6":{"start":{"line":20,"column":4},"end":{"line":20,"column":37}},"7":{"start":{"line":23,"column":2},"end":{"line":51,"column":5}}},"fnMap":{"0":{"name":"Item","decl":{"start":{"line":10,"column":24},"end":{"line":10,"column":28}},"loc":{"start":{"line":10,"column":86},"end":{"line":52,"column":1}},"line":10},"1":{"name":"(anonymous_1)","decl":{"start":{"line":14,"column":34},"end":{"line":14,"column":35}},"loc":{"start":{"line":14,"column":54},"end":{"line":17,"column":3}},"line":14},"2":{"name":"(anonymous_2)","decl":{"start":{"line":19,"column":23},"end":{"line":19,"column":24}},"loc":{"start":{"line":19,"column":43},"end":{"line":21,"column":3}},"line":19},"3":{"name":"(anonymous_3)","decl":{"start":{"line":48,"column":47},"end":{"line":48,"column":48}},"loc":{"start":{"line":48,"column":53},"end":{"line":48,"column":55}},"line":48}},"branchMap":{},"s":{"0":4,"1":4,"2":4,"3":0,"4":0,"5":4,"6":0,"7":4},"f":{"0":4,"1":0,"2":0,"3":0},"b":{},"_coverageSchema":"1a1c01bbd47fc00a2c39e90264f33305004495a9","hash":"850b43b3ec7a9d6874376c6e758f7e2825509868"}
,"/Users/lucas.costa/Documents/Projects_Mac/Alura/ReactNative/expo/gatito/src/telas/Servicos/index.js": {"path":"/Users/lucas.costa/Documents/Projects_Mac/Alura/ReactNative/expo/gatito/src/telas/Servicos/index.js","statementMap":{"0":{"start":{"line":7,"column":17},"end":{"line":26,"column":1}},"1":{"start":{"line":29,"column":2},"end":{"line":36,"column":5}},"2":{"start":{"line":33,"column":32},"end":{"line":33,"column":50}},"3":{"start":{"line":34,"column":32},"end":{"line":34,"column":42}}},"fnMap":{"0":{"name":"Servicos","decl":{"start":{"line":28,"column":24},"end":{"line":28,"column":32}},"loc":{"start":{"line":28,"column":35},"end":{"line":37,"column":1}},"line":28},"1":{"name":"(anonymous_1)","decl":{"start":{"line":33,"column":18},"end":{"line":33,"column":19}},"loc":{"start":{"line":33,"column":32},"end":{"line":33,"column":50}},"line":33},"2":{"name":"(anonymous_2)","decl":{"start":{"line":34,"column":20},"end":{"line":34,"column":21}},"loc":{"start":{"line":34,"column":32},"end":{"line":34,"column":42}},"line":34}},"branchMap":{},"s":{"0":3,"1":1,"2":3,"3":4},"f":{"0":1,"1":3,"2":4},"b":{},"_coverageSchema":"1a1c01bbd47fc00a2c39e90264f33305004495a9","hash":"963f671cc40ede5ec3e97466fc550abe6c7b7cbf"}
,"/Users/lucas.costa/Documents/Projects_Mac/Alura/ReactNative/expo/gatito/src/telas/Servicos/Item/estilos.js": {"path":"/Users/lucas.costa/Documents/Projects_Mac/Alura/ReactNative/expo/gatito/src/telas/Servicos/Item/estilos.js","statementMap":{},"fnMap":{},"branchMap":{},"s":{},"f":{},"b":{},"_coverageSchema":"1a1c01bbd47fc00a2c39e90264f33305004495a9","hash":"52aa516def09b2c0f463288b2cd14f666805a7f3"}
,"/Users/lucas.costa/Documents/Projects_Mac/Alura/ReactNative/expo/gatito/src/telas/Servicos/Item/index.js": {"path":"/Users/lucas.costa/Documents/Projects_Mac/Alura/ReactNative/expo/gatito/src/telas/Servicos/Item/index.js","statementMap":{"0":{"start":{"line":11,"column":38},"end":{"line":11,"column":49}},"1":{"start":{"line":12,"column":28},"end":{"line":12,"column":43}},"2":{"start":{"line":13,"column":34},"end":{"line":13,"column":49}},"3":{"start":{"line":15,"column":34},"end":{"line":18,"column":3}},"4":{"start":{"line":16,"column":4},"end":{"line":16,"column":34}},"5":{"start":{"line":17,"column":4},"end":{"line":17,"column":32}},"6":{"start":{"line":20,"column":23},"end":{"line":22,"column":3}},"7":{"start":{"line":21,"column":4},"end":{"line":21,"column":37}},"8":{"start":{"line":24,"column":26},"end":{"line":27,"column":3}},"9":{"start":{"line":25,"column":4},"end":{"line":25,"column":27}},"10":{"start":{"line":26,"column":4},"end":{"line":26,"column":31}},"11":{"start":{"line":29,"column":2},"end":{"line":59,"column":5}},"12":{"start":{"line":55,"column":59},"end":{"line":55,"column":169}}},"fnMap":{"0":{"name":"Item","decl":{"start":{"line":10,"column":24},"end":{"line":10,"column":28}},"loc":{"start":{"line":10,"column":55},"end":{"line":60,"column":1}},"line":10},"1":{"name":"(anonymous_1)","decl":{"start":{"line":15,"column":34},"end":{"line":15,"column":35}},"loc":{"start":{"line":15,"column":54},"end":{"line":18,"column":3}},"line":15},"2":{"name":"(anonymous_2)","decl":{"start":{"line":20,"column":23},"end":{"line":20,"column":24}},"loc":{"start":{"line":20,"column":43},"end":{"line":22,"column":3}},"line":20},"3":{"name":"(anonymous_3)","decl":{"start":{"line":24,"column":26},"end":{"line":24,"column":27}},"loc":{"start":{"line":24,"column":32},"end":{"line":27,"column":3}},"line":24},"4":{"name":"(anonymous_4)","decl":{"start":{"line":55,"column":51},"end":{"line":55,"column":52}},"loc":{"start":{"line":55,"column":57},"end":{"line":55,"column":170}},"line":55}},"branchMap":{"0":{"loc":{"start":{"line":39,"column":5},"end":{"line":56,"column":13}},"type":"binary-expr","locations":[{"start":{"line":39,"column":5},"end":{"line":39,"column":13}},{"start":{"line":40,"column":6},"end":{"line":56,"column":13}}],"line":39}},"s":{"0":10,"1":10,"2":10,"3":10,"4":4,"5":4,"6":10,"7":4,"8":10,"9":3,"10":3,"11":10,"12":1},"f":{"0":10,"1":4,"2":4,"3":3,"4":1},"b":{"0":[10,3]},"_coverageSchema":"1a1c01bbd47fc00a2c39e90264f33305004495a9","hash":"45d2739bf3353bfa1c0a3984930c2f95f5332cf9"}
}
