TN:
SF:App.js
FN:9,App
FNF:1
FNH:1
FNDA:1,App
DA:11,1
LF:1
LH:1
BRF:0
BRH:0
end_of_record
TN:
SF:src/Rotas.js
FN:15,Rotas
FNF:1
FNH:1
FNDA:2,Rotas
DA:11,2
DA:16,2
LF:2
LH:2
BRF:0
BRH:0
end_of_record
TN:
SF:src/estilos.js
FNF:0
FNH:0
DA:9,13
LF:1
LH:1
BRF:0
BRH:0
end_of_record
TN:
SF:src/componentes/Botao/estilos.js
FN:4,(anonymous_0)
FNF:1
FNH:1
FNDA:12,(anonymous_0)
DA:4,12
LF:1
LH:1
BRDA:7,0,0,1
BRDA:7,0,1,11
BRDA:9,1,0,4
BRDA:9,1,1,8
BRDA:22,2,0,4
BRDA:22,2,1,8
BRF:6
BRH:6
end_of_record
TN:
SF:src/componentes/Botao/index.js
FN:6,Botao
FNF:1
FNH:1
FNDA:12,Botao
DA:7,12
DA:8,12
LF:2
LH:2
BRDA:6,0,0,10
BRDA:6,1,0,7
BRF:2
BRH:2
end_of_record
TN:
SF:src/componentes/CampoInteiro/estilos.js
FNF:0
FNH:0
LF:0
LH:0
BRF:0
BRH:0
end_of_record
TN:
SF:src/componentes/CampoInteiro/index.js
FN:6,CampoInteiro
FN:7,(anonymous_1)
FN:23,(anonymous_2)
FNF:3
FNH:3
FNDA:9,CampoInteiro
FNDA:3,(anonymous_1)
FNDA:3,(anonymous_2)
DA:7,9
DA:8,3
DA:9,3
DA:11,2
DA:13,2
DA:16,9
DA:18,9
DA:23,3
LF:8
LH:8
BRDA:9,0,0,1
BRDA:9,0,1,2
BRF:2
BRH:2
end_of_record
TN:
SF:src/componentes/StatusCarrinho/estilos.js
FNF:0
FNH:0
LF:0
LH:0
BRF:0
BRH:0
end_of_record
TN:
SF:src/componentes/StatusCarrinho/index.js
FN:8,StatusCarrinho
FNF:1
FNH:1
FNDA:3,StatusCarrinho
DA:9,3
LF:1
LH:1
BRF:0
BRH:0
end_of_record
TN:
SF:src/componentes/TelaPadrao/estilos.js
FNF:0
FNH:0
LF:0
LH:0
BRF:0
BRH:0
end_of_record
TN:
SF:src/componentes/TelaPadrao/index.js
FN:7,TelaPadrao
FNF:1
FNH:1
FNDA:2,TelaPadrao
DA:8,2
LF:1
LH:1
BRDA:13,0,0,2
BRDA:13,0,1,0
BRF:2
BRH:1
end_of_record
TN:
SF:src/telas/Carrinho/index.js
FN:32,Carrinho
FN:33,(anonymous_1)
FN:39,(anonymous_2)
FN:40,(anonymous_3)
FNF:4
FNH:4
FNDA:1,Carrinho
FNDA:3,(anonymous_1)
FNDA:3,(anonymous_2)
FNDA:4,(anonymous_3)
DA:8,3
DA:33,3
DA:35,1
DA:39,3
DA:40,4
LF:5
LH:5
BRF:0
BRH:0
end_of_record
TN:
SF:src/telas/Carrinho/Item/estilos.js
FNF:0
FNH:0
LF:0
LH:0
BRF:0
BRH:0
end_of_record
TN:
SF:src/telas/Carrinho/Item/index.js
FN:10,Item
FN:14,(anonymous_1)
FN:19,(anonymous_2)
FN:48,(anonymous_3)
FNF:4
FNH:1
FNDA:4,Item
FNDA:0,(anonymous_1)
FNDA:0,(anonymous_2)
FNDA:0,(anonymous_3)
DA:11,4
DA:12,4
DA:14,4
DA:15,0
DA:16,0
DA:19,4
DA:20,0
DA:23,4
LF:8
LH:5
BRF:0
BRH:0
end_of_record
TN:
SF:src/telas/Servicos/index.js
FN:28,Servicos
FN:33,(anonymous_1)
FN:34,(anonymous_2)
FNF:3
FNH:3
FNDA:1,Servicos
FNDA:3,(anonymous_1)
FNDA:4,(anonymous_2)
DA:7,3
DA:29,1
DA:33,3
DA:34,4
LF:4
LH:4
BRF:0
BRH:0
end_of_record
TN:
SF:src/telas/Servicos/Item/estilos.js
FNF:0
FNH:0
LF:0
LH:0
BRF:0
BRH:0
end_of_record
TN:
SF:src/telas/Servicos/Item/index.js
FN:10,Item
FN:15,(anonymous_1)
FN:20,(anonymous_2)
FN:24,(anonymous_3)
FN:55,(anonymous_4)
FNF:5
FNH:5
FNDA:10,Item
FNDA:4,(anonymous_1)
FNDA:4,(anonymous_2)
FNDA:3,(anonymous_3)
FNDA:1,(anonymous_4)
DA:11,10
DA:12,10
DA:13,10
DA:15,10
DA:16,4
DA:17,4
DA:20,10
DA:21,4
DA:24,10
DA:25,3
DA:26,3
DA:29,10
DA:55,1
LF:13
LH:13
BRDA:39,0,0,10
BRDA:39,0,1,3
BRF:2
BRH:2
end_of_record
