TN:
SF:App.js
FN:9,App
FNF:1
FNH:0
FNDA:0,App
DA:11,0
LF:1
LH:0
BRF:0
BRH:0
end_of_record
TN:
SF:src/Rotas.js
FN:15,Rotas
FNF:1
FNH:0
FNDA:0,Rotas
DA:11,0
DA:16,0
LF:2
LH:0
BRF:0
BRH:0
end_of_record
TN:
SF:src/estilos.js
FNF:0
FNH:0
DA:9,1
LF:1
LH:1
BRF:0
BRH:0
end_of_record
TN:
SF:src/componentes/Botao/estilos.js
FN:4,(anonymous_0)
FNF:1
FNH:1
FNDA:1,(anonymous_0)
DA:4,1
LF:1
LH:1
BRDA:7,0,0,1
BRDA:7,0,1,0
BRDA:9,1,0,1
BRDA:9,1,1,0
BRDA:22,2,0,1
BRDA:22,2,1,0
BRF:6
BRH:3
end_of_record
TN:
SF:src/componentes/Botao/index.js
FN:6,Botao
FNF:1
FNH:1
FNDA:1,Botao
DA:7,1
DA:8,1
LF:2
LH:2
BRDA:6,0,0,0
BRDA:6,1,0,0
BRF:2
BRH:0
end_of_record
TN:
SF:src/componentes/CampoInteiro/estilos.js
FNF:0
FNH:0
LF:0
LH:0
BRF:0
BRH:0
end_of_record
TN:
SF:src/componentes/CampoInteiro/index.js
FN:6,CampoInteiro
FN:7,(anonymous_1)
FN:23,(anonymous_2)
FNF:3
FNH:0
FNDA:0,CampoInteiro
FNDA:0,(anonymous_1)
FNDA:0,(anonymous_2)
DA:7,0
DA:8,0
DA:9,0
DA:11,0
DA:13,0
DA:16,0
DA:18,0
DA:23,0
LF:8
LH:0
BRDA:9,0,0,0
BRDA:9,0,1,0
BRF:2
BRH:0
end_of_record
TN:
SF:src/componentes/StatusCarrinho/estilos.js
FNF:0
FNH:0
LF:0
LH:0
BRF:0
BRH:0
end_of_record
TN:
SF:src/componentes/StatusCarrinho/index.js
FN:8,StatusCarrinho
FNF:1
FNH:0
FNDA:0,StatusCarrinho
DA:9,0
LF:1
LH:0
BRF:0
BRH:0
end_of_record
TN:
SF:src/componentes/TelaPadrao/estilos.js
FNF:0
FNH:0
LF:0
LH:0
BRF:0
BRH:0
end_of_record
TN:
SF:src/componentes/TelaPadrao/index.js
FN:7,TelaPadrao
FNF:1
FNH:0
FNDA:0,TelaPadrao
DA:8,0
LF:1
LH:0
BRDA:13,0,0,0
BRDA:13,0,1,0
BRF:2
BRH:0
end_of_record
TN:
SF:src/telas/Carrinho/index.js
FN:32,Carrinho
FN:33,(anonymous_1)
FN:39,(anonymous_2)
FN:40,(anonymous_3)
FNF:4
FNH:0
FNDA:0,Carrinho
FNDA:0,(anonymous_1)
FNDA:0,(anonymous_2)
FNDA:0,(anonymous_3)
DA:8,0
DA:33,0
DA:35,0
DA:39,0
DA:40,0
LF:5
LH:0
BRF:0
BRH:0
end_of_record
TN:
SF:src/telas/Carrinho/Item/estilos.js
FNF:0
FNH:0
LF:0
LH:0
BRF:0
BRH:0
end_of_record
TN:
SF:src/telas/Carrinho/Item/index.js
FN:10,Item
FN:14,(anonymous_1)
FN:19,(anonymous_2)
FN:48,(anonymous_3)
FNF:4
FNH:0
FNDA:0,Item
FNDA:0,(anonymous_1)
FNDA:0,(anonymous_2)
FNDA:0,(anonymous_3)
DA:11,0
DA:12,0
DA:14,0
DA:15,0
DA:16,0
DA:19,0
DA:20,0
DA:23,0
DA:48,0
LF:9
LH:0
BRF:0
BRH:0
end_of_record
TN:
SF:src/telas/Servicos/index.js
FN:28,Servicos
FN:33,(anonymous_1)
FN:34,(anonymous_2)
FNF:3
FNH:0
FNDA:0,Servicos
FNDA:0,(anonymous_1)
FNDA:0,(anonymous_2)
DA:7,0
DA:29,0
DA:33,0
DA:34,0
LF:4
LH:0
BRF:0
BRH:0
end_of_record
TN:
SF:src/telas/Servicos/Item/estilos.js
FNF:0
FNH:0
LF:0
LH:0
BRF:0
BRH:0
end_of_record
TN:
SF:src/telas/Servicos/Item/index.js
FN:10,Item
FN:15,(anonymous_1)
FN:20,(anonymous_2)
FN:24,(anonymous_3)
FN:55,(anonymous_4)
FNF:5
FNH:0
FNDA:0,Item
FNDA:0,(anonymous_1)
FNDA:0,(anonymous_2)
FNDA:0,(anonymous_3)
FNDA:0,(anonymous_4)
DA:11,0
DA:12,0
DA:13,0
DA:15,0
DA:16,0
DA:17,0
DA:20,0
DA:21,0
DA:24,0
DA:25,0
DA:26,0
DA:29,0
DA:55,0
LF:13
LH:0
BRDA:39,0,0,0
BRDA:39,0,1,0
BRF:2
BRH:0
end_of_record
