<?xml version="1.0" encoding="UTF-8"?>
<coverage generated="1697648690668" clover="3.2.0">
  <project timestamp="1697648690668" name="All files">
    <metrics statements="30" coveredstatements="30" conditionals="8" coveredconditionals="6" methods="12" coveredmethods="12" elements="50" coveredelements="48" complexity="0" loc="30" ncloc="30" packages="5" files="8" classes="8"/>
    <package name="orgs-basket">
      <metrics statements="7" coveredstatements="7" conditionals="4" coveredconditionals="3" methods="2" coveredmethods="2"/>
      <file name="App.js" path="/Users/lucas.costa/Documents/Projects_Mac/Alura/ReactNative/zero/orgs-basket/App.js">
        <metrics statements="7" coveredstatements="7" conditionals="4" coveredconditionals="3" methods="2" coveredmethods="2"/>
        <line num="11" count="7" type="stmt"/>
        <line num="16" count="6" type="stmt"/>
        <line num="17" count="1" type="cond" truecount="1" falsecount="1"/>
        <line num="18" count="1" type="stmt"/>
        <line num="22" count="6" type="cond" truecount="2" falsecount="0"/>
        <line num="23" count="3" type="stmt"/>
        <line num="27" count="3" type="stmt"/>
      </file>
    </package>
    <package name="orgs-basket.src.components">
      <metrics statements="10" coveredstatements="10" conditionals="4" coveredconditionals="3" methods="3" coveredmethods="3"/>
      <file name="ButtonApp.js" path="/Users/lucas.costa/Documents/Projects_Mac/Alura/ReactNative/zero/orgs-basket/src/components/ButtonApp.js">
        <metrics statements="5" coveredstatements="5" conditionals="2" coveredconditionals="1" methods="2" coveredmethods="2"/>
        <line num="7" count="7" type="stmt"/>
        <line num="8" count="2" type="cond" truecount="1" falsecount="1"/>
        <line num="9" count="2" type="stmt"/>
        <line num="12" count="7" type="stmt"/>
        <line num="17" count="4" type="stmt"/>
      </file>
      <file name="Text.js" path="/Users/lucas.costa/Documents/Projects_Mac/Alura/ReactNative/zero/orgs-basket/src/components/Text.js">
        <metrics statements="5" coveredstatements="5" conditionals="2" coveredconditionals="2" methods="1" coveredmethods="1"/>
        <line num="5" count="58" type="stmt"/>
        <line num="7" count="58" type="cond" truecount="2" falsecount="0"/>
        <line num="8" count="26" type="stmt"/>
        <line num="10" count="58" type="stmt"/>
        <line num="13" count="7" type="stmt"/>
      </file>
    </package>
    <package name="orgs-basket.src.mocks">
      <metrics statements="1" coveredstatements="1" conditionals="0" coveredconditionals="0" methods="0" coveredmethods="0"/>
      <file name="basket.js" path="/Users/lucas.costa/Documents/Projects_Mac/Alura/ReactNative/zero/orgs-basket/src/mocks/basket.js">
        <metrics statements="1" coveredstatements="1" conditionals="0" coveredconditionals="0" methods="0" coveredmethods="0"/>
        <line num="8" count="3" type="stmt"/>
      </file>
    </package>
    <package name="orgs-basket.src.screens.baskets">
      <metrics statements="4" coveredstatements="4" conditionals="0" coveredconditionals="0" methods="3" coveredmethods="3"/>
      <file name="index.js" path="/Users/lucas.costa/Documents/Projects_Mac/Alura/ReactNative/zero/orgs-basket/src/screens/baskets/index.js">
        <metrics statements="4" coveredstatements="4" conditionals="0" coveredconditionals="0" methods="3" coveredmethods="3"/>
        <line num="10" count="4" type="stmt"/>
        <line num="15" count="24" type="stmt"/>
        <line num="17" count="4" type="stmt"/>
        <line num="28" count="2" type="stmt"/>
      </file>
    </package>
    <package name="orgs-basket.src.screens.baskets.components">
      <metrics statements="8" coveredstatements="8" conditionals="0" coveredconditionals="0" methods="4" coveredmethods="4"/>
      <file name="DetailsBasket.js" path="/Users/lucas.costa/Documents/Projects_Mac/Alura/ReactNative/zero/orgs-basket/src/screens/baskets/components/DetailsBasket.js">
        <metrics statements="3" coveredstatements="3" conditionals="0" coveredconditionals="0" methods="2" coveredmethods="2"/>
        <line num="7" count="5" type="stmt"/>
        <line num="16" count="1" type="stmt"/>
        <line num="21" count="3" type="stmt"/>
      </file>
      <file name="Item.js" path="/Users/lucas.costa/Documents/Projects_Mac/Alura/ReactNative/zero/orgs-basket/src/screens/baskets/components/Item.js">
        <metrics statements="2" coveredstatements="2" conditionals="0" coveredconditionals="0" methods="1" coveredmethods="1"/>
        <line num="7" count="21" type="stmt"/>
        <line num="13" count="3" type="stmt"/>
      </file>
      <file name="Top.js" path="/Users/lucas.costa/Documents/Projects_Mac/Alura/ReactNative/zero/orgs-basket/src/screens/baskets/components/Top.js">
        <metrics statements="3" coveredstatements="3" conditionals="0" coveredconditionals="0" methods="1" coveredmethods="1"/>
        <line num="8" count="3" type="stmt"/>
        <line num="11" count="5" type="stmt"/>
        <line num="18" count="3" type="stmt"/>
      </file>
    </package>
  </project>
</coverage>
