{"/Users/lucas.costa/Documents/Projects_Mac/Alura/ReactNative/zero/orgs-basket/App.js": {"path":"/Users/lucas.costa/Documents/Projects_Mac/Alura/ReactNative/zero/orgs-basket/App.js","statementMap":{"0":{"start":{"line":11,"column":24},"end":{"line":14,"column":4}},"1":{"start":{"line":16,"column":27},"end":{"line":20,"column":19}},"2":{"start":{"line":17,"column":4},"end":{"line":19,"column":5}},"3":{"start":{"line":18,"column":6},"end":{"line":18,"column":37}},"4":{"start":{"line":22,"column":2},"end":{"line":24,"column":3}},"5":{"start":{"line":23,"column":4},"end":{"line":23,"column":16}},"6":{"start":{"line":27,"column":2},"end":{"line":32,"column":4}}},"fnMap":{"0":{"name":"App","decl":{"start":{"line":10,"column":24},"end":{"line":10,"column":27}},"loc":{"start":{"line":10,"column":30},"end":{"line":33,"column":1}},"line":10},"1":{"name":"(anonymous_1)","decl":{"start":{"line":16,"column":39},"end":{"line":16,"column":40}},"loc":{"start":{"line":16,"column":51},"end":{"line":20,"column":3}},"line":16}},"branchMap":{"0":{"loc":{"start":{"line":17,"column":4},"end":{"line":19,"column":5}},"type":"if","locations":[{"start":{"line":17,"column":4},"end":{"line":19,"column":5}},{"start":{},"end":{}}],"line":17},"1":{"loc":{"start":{"line":22,"column":2},"end":{"line":24,"column":3}},"type":"if","locations":[{"start":{"line":22,"column":2},"end":{"line":24,"column":3}},{"start":{},"end":{}}],"line":22}},"s":{"0":7,"1":6,"2":1,"3":1,"4":6,"5":3,"6":3},"f":{"0":7,"1":1},"b":{"0":[1,0],"1":[3,3]},"_coverageSchema":"1a1c01bbd47fc00a2c39e90264f33305004495a9","hash":"2588c6d4badc653efed5fe1ff379bdb833f08adc"}
,"/Users/lucas.costa/Documents/Projects_Mac/Alura/ReactNative/zero/orgs-basket/src/components/ButtonApp.js": {"path":"/Users/lucas.costa/Documents/Projects_Mac/Alura/ReactNative/zero/orgs-basket/src/components/ButtonApp.js","statementMap":{"0":{"start":{"line":7,"column":4},"end":{"line":9,"column":23}},"1":{"start":{"line":12,"column":23},"end":{"line":25,"column":2}}},"fnMap":{"0":{"name":"ButtonApp","decl":{"start":{"line":6,"column":24},"end":{"line":6,"column":33}},"loc":{"start":{"line":6,"column":58},"end":{"line":10,"column":1}},"line":6}},"branchMap":{},"s":{"0":6,"1":4},"f":{"0":6},"b":{},"_coverageSchema":"1a1c01bbd47fc00a2c39e90264f33305004495a9","hash":"793f39ee645347667cec7f151e9f5f98ec84cf41"}
,"/Users/lucas.costa/Documents/Projects_Mac/Alura/ReactNative/zero/orgs-basket/src/components/Text.js": {"path":"/Users/lucas.costa/Documents/Projects_Mac/Alura/ReactNative/zero/orgs-basket/src/components/Text.js","statementMap":{"0":{"start":{"line":5,"column":20},"end":{"line":5,"column":37}},"1":{"start":{"line":7,"column":4},"end":{"line":9,"column":5}},"2":{"start":{"line":8,"column":8},"end":{"line":8,"column":42}},"3":{"start":{"line":10,"column":4},"end":{"line":10,"column":63}},"4":{"start":{"line":13,"column":20},"end":{"line":22,"column":2}}},"fnMap":{"0":{"name":"MyText","decl":{"start":{"line":4,"column":24},"end":{"line":4,"column":30}},"loc":{"start":{"line":4,"column":53},"end":{"line":11,"column":1}},"line":4}},"branchMap":{"0":{"loc":{"start":{"line":7,"column":4},"end":{"line":9,"column":5}},"type":"if","locations":[{"start":{"line":7,"column":4},"end":{"line":9,"column":5}},{"start":{},"end":{}}],"line":7}},"s":{"0":57,"1":57,"2":25,"3":57,"4":7},"f":{"0":57},"b":{"0":[25,32]},"_coverageSchema":"1a1c01bbd47fc00a2c39e90264f33305004495a9","hash":"5475246c6c2ea4f043baf0a11232b57282b99f25"}
,"/Users/lucas.costa/Documents/Projects_Mac/Alura/ReactNative/zero/orgs-basket/src/mocks/basket.js": {"path":"/Users/lucas.costa/Documents/Projects_Mac/Alura/ReactNative/zero/orgs-basket/src/mocks/basket.js","statementMap":{"0":{"start":{"line":8,"column":15},"end":{"line":47,"column":1}}},"fnMap":{},"branchMap":{},"s":{"0":3},"f":{},"b":{},"_coverageSchema":"1a1c01bbd47fc00a2c39e90264f33305004495a9","hash":"0b3505af0af7b97a1e98bac6b51beb1e55e09c17"}
,"/Users/lucas.costa/Documents/Projects_Mac/Alura/ReactNative/zero/orgs-basket/src/screens/baskets/index.js": {"path":"/Users/lucas.costa/Documents/Projects_Mac/Alura/ReactNative/zero/orgs-basket/src/screens/baskets/index.js","statementMap":{"0":{"start":{"line":10,"column":4},"end":{"line":25,"column":15}},"1":{"start":{"line":15,"column":40},"end":{"line":15,"column":44}},"2":{"start":{"line":17,"column":16},"end":{"line":23,"column":19}},"3":{"start":{"line":28,"column":20},"end":{"line":41,"column":2}}},"fnMap":{"0":{"name":"Basket","decl":{"start":{"line":9,"column":24},"end":{"line":9,"column":30}},"loc":{"start":{"line":9,"column":59},"end":{"line":26,"column":1}},"line":9},"1":{"name":"(anonymous_1)","decl":{"start":{"line":15,"column":26},"end":{"line":15,"column":27}},"loc":{"start":{"line":15,"column":40},"end":{"line":15,"column":44}},"line":15},"2":{"name":"(anonymous_2)","decl":{"start":{"line":16,"column":33},"end":{"line":16,"column":34}},"loc":{"start":{"line":16,"column":39},"end":{"line":24,"column":13}},"line":16}},"branchMap":{},"s":{"0":4,"1":24,"2":4,"3":2},"f":{"0":4,"1":24,"2":4},"b":{},"_coverageSchema":"1a1c01bbd47fc00a2c39e90264f33305004495a9","hash":"2a5aa0bbc1c3581fed76c9ab1e9ecf39b2dd1af6"}
,"/Users/lucas.costa/Documents/Projects_Mac/Alura/ReactNative/zero/orgs-basket/src/screens/baskets/components/DetailsBasket.js": {"path":"/Users/lucas.costa/Documents/Projects_Mac/Alura/ReactNative/zero/orgs-basket/src/screens/baskets/components/DetailsBasket.js","statementMap":{"0":{"start":{"line":7,"column":4},"end":{"line":18,"column":7}},"1":{"start":{"line":16,"column":87},"end":{"line":16,"column":145}},"2":{"start":{"line":21,"column":27},"end":{"line":57,"column":2}}},"fnMap":{"0":{"name":"DetailsBasket","decl":{"start":{"line":6,"column":24},"end":{"line":6,"column":37}},"loc":{"start":{"line":6,"column":100},"end":{"line":19,"column":1}},"line":6},"1":{"name":"(anonymous_1)","decl":{"start":{"line":16,"column":80},"end":{"line":16,"column":81}},"loc":{"start":{"line":16,"column":86},"end":{"line":16,"column":146}},"line":16}},"branchMap":{},"s":{"0":5,"1":1,"2":3},"f":{"0":5,"1":1},"b":{},"_coverageSchema":"1a1c01bbd47fc00a2c39e90264f33305004495a9","hash":"a01cef6c98c02ba9963e7020a7249ef70baeee41"}
,"/Users/lucas.costa/Documents/Projects_Mac/Alura/ReactNative/zero/orgs-basket/src/screens/baskets/components/Item.js": {"path":"/Users/lucas.costa/Documents/Projects_Mac/Alura/ReactNative/zero/orgs-basket/src/screens/baskets/components/Item.js","statementMap":{"0":{"start":{"line":7,"column":4},"end":{"line":10,"column":15}},"1":{"start":{"line":13,"column":19},"end":{"line":32,"column":2}}},"fnMap":{"0":{"name":"Item","decl":{"start":{"line":6,"column":24},"end":{"line":6,"column":28}},"loc":{"start":{"line":6,"column":54},"end":{"line":11,"column":1}},"line":6}},"branchMap":{},"s":{"0":21,"1":3},"f":{"0":21},"b":{},"_coverageSchema":"1a1c01bbd47fc00a2c39e90264f33305004495a9","hash":"feb7d47137b4c86e9f937a6475c8181402d61950"}
,"/Users/lucas.costa/Documents/Projects_Mac/Alura/ReactNative/zero/orgs-basket/src/screens/baskets/components/Top.js": {"path":"/Users/lucas.costa/Documents/Projects_Mac/Alura/ReactNative/zero/orgs-basket/src/screens/baskets/components/Top.js","statementMap":{"0":{"start":{"line":8,"column":14},"end":{"line":8,"column":44}},"1":{"start":{"line":11,"column":4},"end":{"line":15,"column":7}},"2":{"start":{"line":18,"column":25},"end":{"line":34,"column":2}}},"fnMap":{"0":{"name":"Top","decl":{"start":{"line":10,"column":24},"end":{"line":10,"column":27}},"loc":{"start":{"line":10,"column":39},"end":{"line":16,"column":1}},"line":10}},"branchMap":{},"s":{"0":3,"1":5,"2":3},"f":{"0":5},"b":{},"_coverageSchema":"1a1c01bbd47fc00a2c39e90264f33305004495a9","hash":"981643ec21a21fc72b75ea70cae61c0d555015e9"}
}
