TN:
SF:App.js
FN:10,App
FN:16,(anonymous_1)
FNF:2
FNH:2
FNDA:7,App
FNDA:1,(anonymous_1)
DA:11,7
DA:16,6
DA:17,1
DA:18,1
DA:22,6
DA:23,3
DA:27,3
LF:7
LH:7
BRDA:17,0,0,1
BRDA:17,0,1,0
BRDA:22,1,0,3
BRDA:22,1,1,3
BRF:4
BRH:3
end_of_record
TN:
SF:src/components/ButtonApp.js
FN:6,ButtonApp
FNF:1
FNH:1
FNDA:6,ButtonApp
DA:7,6
DA:12,4
LF:2
LH:2
BRF:0
BRH:0
end_of_record
TN:
SF:src/components/Text.js
FN:4,MyText
FNF:1
FNH:1
FNDA:57,MyText
DA:5,57
DA:7,57
DA:8,25
DA:10,57
DA:13,7
LF:5
LH:5
BRDA:7,0,0,25
BRDA:7,0,1,32
BRF:2
BRH:2
end_of_record
TN:
SF:src/mocks/basket.js
FNF:0
FNH:0
DA:8,3
LF:1
LH:1
BRF:0
BRH:0
end_of_record
TN:
SF:src/screens/baskets/index.js
FN:9,Basket
FN:15,(anonymous_1)
FN:16,(anonymous_2)
FNF:3
FNH:3
FNDA:4,Basket
FNDA:24,(anonymous_1)
FNDA:4,(anonymous_2)
DA:10,4
DA:15,24
DA:17,4
DA:28,2
LF:4
LH:4
BRF:0
BRH:0
end_of_record
TN:
SF:src/screens/baskets/components/DetailsBasket.js
FN:6,DetailsBasket
FN:16,(anonymous_1)
FNF:2
FNH:2
FNDA:5,DetailsBasket
FNDA:1,(anonymous_1)
DA:7,5
DA:16,1
DA:21,3
LF:3
LH:3
BRF:0
BRH:0
end_of_record
TN:
SF:src/screens/baskets/components/Item.js
FN:6,Item
FNF:1
FNH:1
FNDA:21,Item
DA:7,21
DA:13,3
LF:2
LH:2
BRF:0
BRH:0
end_of_record
TN:
SF:src/screens/baskets/components/Top.js
FN:10,Top
FNF:1
FNH:1
FNDA:5,Top
DA:8,3
DA:11,5
DA:18,3
LF:3
LH:3
BRF:0
BRH:0
end_of_record
