{"/Users/lucas.costa/Documents/Projects_Mac/Alura/ReactNative/expo/guardandoLocalmente/App.js": {"path":"/Users/lucas.costa/Documents/Projects_Mac/Alura/ReactNative/expo/guardandoLocalmente/App.js","statementMap":{"0":{"start":{"line":8,"column":2},"end":{"line":11,"column":8}},"1":{"start":{"line":9,"column":4},"end":{"line":9,"column":16}},"2":{"start":{"line":10,"column":4},"end":{"line":10,"column":17}},"3":{"start":{"line":12,"column":48},"end":{"line":12,"column":60}},"4":{"start":{"line":13,"column":28},"end":{"line":13,"column":40}},"5":{"start":{"line":14,"column":36},"end":{"line":14,"column":53}},"6":{"start":{"line":16,"column":23},"end":{"line":16,"column":41}},"7":{"start":{"line":17,"column":4},"end":{"line":17,"column":24}},"8":{"start":{"line":18,"column":4},"end":{"line":18,"column":27}},"9":{"start":{"line":21,"column":4},"end":{"line":21,"column":38}},"10":{"start":{"line":22,"column":4},"end":{"line":26,"column":5}},"11":{"start":{"line":23,"column":6},"end":{"line":23,"column":19}},"12":{"start":{"line":25,"column":6},"end":{"line":25,"column":62}},"13":{"start":{"line":28,"column":2},"end":{"line":48,"column":3}},"14":{"start":{"line":32,"column":30},"end":{"line":32,"column":87}},"15":{"start":{"line":33,"column":30},"end":{"line":33,"column":37}},"16":{"start":{"line":35,"column":36},"end":{"line":44,"column":9}},"17":{"start":{"line":37,"column":87},"end":{"line":37,"column":120}},"18":{"start":{"line":50,"column":16},"end":{"line":62,"column":2}}},"fnMap":{"0":{"name":"App","decl":{"start":{"line":7,"column":24},"end":{"line":7,"column":27}},"loc":{"start":{"line":7,"column":30},"end":{"line":49,"column":1}},"line":7},"1":{"name":"(anonymous_1)","decl":{"start":{"line":8,"column":12},"end":{"line":8,"column":13}},"loc":{"start":{"line":8,"column":18},"end":{"line":11,"column":3}},"line":8},"2":{"name":"mostraNotas","decl":{"start":{"line":15,"column":17},"end":{"line":15,"column":28}},"loc":{"start":{"line":15,"column":31},"end":{"line":19,"column":3}},"line":15},"3":{"name":"filtraLista","decl":{"start":{"line":20,"column":17},"end":{"line":20,"column":28}},"loc":{"start":{"line":20,"column":51},"end":{"line":27,"column":3}},"line":20},"4":{"name":"(anonymous_4)","decl":{"start":{"line":32,"column":20},"end":{"line":32,"column":21}},"loc":{"start":{"line":32,"column":30},"end":{"line":32,"column":87}},"line":32},"5":{"name":"(anonymous_5)","decl":{"start":{"line":33,"column":22},"end":{"line":33,"column":23}},"loc":{"start":{"line":33,"column":30},"end":{"line":33,"column":37}},"line":33},"6":{"name":"(anonymous_6)","decl":{"start":{"line":35,"column":29},"end":{"line":35,"column":30}},"loc":{"start":{"line":35,"column":35},"end":{"line":44,"column":10}},"line":35},"7":{"name":"(anonymous_7)","decl":{"start":{"line":37,"column":61},"end":{"line":37,"column":62}},"loc":{"start":{"line":37,"column":87},"end":{"line":37,"column":120}},"line":37}},"branchMap":{"0":{"loc":{"start":{"line":22,"column":4},"end":{"line":26,"column":5}},"type":"if","locations":[{"start":{"line":22,"column":4},"end":{"line":26,"column":5}},{"start":{"line":24,"column":11},"end":{"line":26,"column":5}}],"line":22}},"s":{"0":4,"1":1,"2":1,"3":3,"4":3,"5":3,"6":2,"7":2,"8":2,"9":1,"10":1,"11":1,"12":0,"13":3,"14":0,"15":0,"16":3,"17":1,"18":1},"f":{"0":4,"1":1,"2":2,"3":1,"4":0,"5":0,"6":3,"7":1},"b":{"0":[1,0]},"_coverageSchema":"1a1c01bbd47fc00a2c39e90264f33305004495a9","hash":"60a81273e21bc61255479d2b96052de361e2de95"}
,"/Users/lucas.costa/Documents/Projects_Mac/Alura/ReactNative/expo/guardandoLocalmente/src/components/Nota.js": {"path":"/Users/lucas.costa/Documents/Projects_Mac/Alura/ReactNative/expo/guardandoLocalmente/src/components/Nota.js","statementMap":{"0":{"start":{"line":4,"column":21},"end":{"line":4,"column":81}},"1":{"start":{"line":5,"column":18},"end":{"line":5,"column":59}},"2":{"start":{"line":7,"column":2},"end":{"line":13,"column":3}},"3":{"start":{"line":8,"column":60},"end":{"line":8,"column":84}},"4":{"start":{"line":16,"column":22},"end":{"line":50,"column":2}},"5":{"start":{"line":16,"column":31},"end":{"line":50,"column":2}}},"fnMap":{"0":{"name":"Nota","decl":{"start":{"line":3,"column":16},"end":{"line":3,"column":20}},"loc":{"start":{"line":3,"column":49},"end":{"line":14,"column":1}},"line":3},"1":{"name":"(anonymous_1)","decl":{"start":{"line":8,"column":54},"end":{"line":8,"column":55}},"loc":{"start":{"line":8,"column":60},"end":{"line":8,"column":84}},"line":8},"2":{"name":"(anonymous_2)","decl":{"start":{"line":16,"column":22},"end":{"line":16,"column":23}},"loc":{"start":{"line":16,"column":31},"end":{"line":50,"column":2}},"line":16}},"branchMap":{},"s":{"0":0,"1":0,"2":0,"3":0,"4":1,"5":0},"f":{"0":0,"1":0,"2":0},"b":{},"_coverageSchema":"1a1c01bbd47fc00a2c39e90264f33305004495a9","hash":"dfc71c1844c5d3145459e5e50e8d0765ca2f0f5c"}
,"/Users/lucas.costa/Documents/Projects_Mac/Alura/ReactNative/expo/guardandoLocalmente/src/components/NotaEditor.js": {"path":"/Users/lucas.costa/Documents/Projects_Mac/Alura/ReactNative/expo/guardandoLocalmente/src/components/NotaEditor.js","statementMap":{"0":{"start":{"line":8,"column":2},"end":{"line":16,"column":22}},"1":{"start":{"line":9,"column":4},"end":{"line":14,"column":5}},"2":{"start":{"line":10,"column":6},"end":{"line":10,"column":21}},"3":{"start":{"line":11,"column":6},"end":{"line":11,"column":32}},"4":{"start":{"line":12,"column":6},"end":{"line":12,"column":27}},"5":{"start":{"line":13,"column":6},"end":{"line":13,"column":12}},"6":{"start":{"line":15,"column":4},"end":{"line":15,"column":31}},"7":{"start":{"line":17,"column":30},"end":{"line":17,"column":42}},"8":{"start":{"line":18,"column":36},"end":{"line":18,"column":55}},"9":{"start":{"line":19,"column":28},"end":{"line":19,"column":40}},"10":{"start":{"line":20,"column":42},"end":{"line":20,"column":57}},"11":{"start":{"line":21,"column":52},"end":{"line":21,"column":67}},"12":{"start":{"line":23,"column":20},"end":{"line":27,"column":5}},"13":{"start":{"line":28,"column":4},"end":{"line":28,"column":31}},"14":{"start":{"line":29,"column":4},"end":{"line":29,"column":17}},"15":{"start":{"line":30,"column":4},"end":{"line":30,"column":16}},"16":{"start":{"line":33,"column":20},"end":{"line":38,"column":5}},"17":{"start":{"line":39,"column":4},"end":{"line":39,"column":31}},"18":{"start":{"line":40,"column":4},"end":{"line":40,"column":17}},"19":{"start":{"line":41,"column":4},"end":{"line":41,"column":16}},"20":{"start":{"line":44,"column":4},"end":{"line":44,"column":37}},"21":{"start":{"line":45,"column":4},"end":{"line":45,"column":17}},"22":{"start":{"line":46,"column":4},"end":{"line":46,"column":16}},"23":{"start":{"line":49,"column":4},"end":{"line":49,"column":37}},"24":{"start":{"line":50,"column":4},"end":{"line":50,"column":43}},"25":{"start":{"line":51,"column":4},"end":{"line":51,"column":35}},"26":{"start":{"line":54,"column":4},"end":{"line":54,"column":17}},"27":{"start":{"line":55,"column":4},"end":{"line":55,"column":27}},"28":{"start":{"line":56,"column":4},"end":{"line":56,"column":16}},"29":{"start":{"line":57,"column":4},"end":{"line":57,"column":26}},"30":{"start":{"line":58,"column":4},"end":{"line":58,"column":26}},"31":{"start":{"line":60,"column":2},"end":{"line":118,"column":3}},"32":{"start":{"line":66,"column":31},"end":{"line":66,"column":53}},"33":{"start":{"line":75,"column":44},"end":{"line":75,"column":65}},"34":{"start":{"line":82,"column":50},"end":{"line":82,"column":77}},"35":{"start":{"line":93,"column":43},"end":{"line":93,"column":62}},"36":{"start":{"line":98,"column":18},"end":{"line":98,"column":66}},"37":{"start":{"line":102,"column":88},"end":{"line":102,"column":100}},"38":{"start":{"line":106,"column":85},"end":{"line":106,"column":97}},"39":{"start":{"line":114,"column":40},"end":{"line":114,"column":61}},"40":{"start":{"line":121,"column":16},"end":{"line":221,"column":2}}},"fnMap":{"0":{"name":"NotaEditor","decl":{"start":{"line":7,"column":24},"end":{"line":7,"column":34}},"loc":{"start":{"line":7,"column":87},"end":{"line":119,"column":1}},"line":7},"1":{"name":"(anonymous_1)","decl":{"start":{"line":8,"column":12},"end":{"line":8,"column":13}},"loc":{"start":{"line":8,"column":18},"end":{"line":16,"column":3}},"line":8},"2":{"name":"salvaNota","decl":{"start":{"line":22,"column":17},"end":{"line":22,"column":26}},"loc":{"start":{"line":22,"column":29},"end":{"line":31,"column":3}},"line":22},"3":{"name":"modificaNota","decl":{"start":{"line":32,"column":17},"end":{"line":32,"column":29}},"loc":{"start":{"line":32,"column":32},"end":{"line":42,"column":3}},"line":32},"4":{"name":"deletaNota","decl":{"start":{"line":43,"column":17},"end":{"line":43,"column":27}},"loc":{"start":{"line":43,"column":30},"end":{"line":47,"column":3}},"line":43},"5":{"name":"preencheModal","decl":{"start":{"line":48,"column":11},"end":{"line":48,"column":24}},"loc":{"start":{"line":48,"column":27},"end":{"line":52,"column":3}},"line":48},"6":{"name":"limpaModal","decl":{"start":{"line":53,"column":11},"end":{"line":53,"column":21}},"loc":{"start":{"line":53,"column":24},"end":{"line":59,"column":3}},"line":53},"7":{"name":"(anonymous_7)","decl":{"start":{"line":66,"column":24},"end":{"line":66,"column":25}},"loc":{"start":{"line":66,"column":30},"end":{"line":66,"column":54}},"line":66},"8":{"name":"(anonymous_8)","decl":{"start":{"line":75,"column":30},"end":{"line":75,"column":31}},"loc":{"start":{"line":75,"column":44},"end":{"line":75,"column":65}},"line":75},"9":{"name":"(anonymous_9)","decl":{"start":{"line":82,"column":33},"end":{"line":82,"column":34}},"loc":{"start":{"line":82,"column":50},"end":{"line":82,"column":77}},"line":82},"10":{"name":"(anonymous_10)","decl":{"start":{"line":93,"column":30},"end":{"line":93,"column":31}},"loc":{"start":{"line":93,"column":43},"end":{"line":93,"column":62}},"line":93},"11":{"name":"(anonymous_11)","decl":{"start":{"line":97,"column":76},"end":{"line":97,"column":77}},"loc":{"start":{"line":97,"column":82},"end":{"line":98,"column":67}},"line":97},"12":{"name":"(anonymous_12)","decl":{"start":{"line":102,"column":81},"end":{"line":102,"column":82}},"loc":{"start":{"line":102,"column":87},"end":{"line":102,"column":101}},"line":102},"13":{"name":"(anonymous_13)","decl":{"start":{"line":106,"column":78},"end":{"line":106,"column":79}},"loc":{"start":{"line":106,"column":84},"end":{"line":106,"column":98}},"line":106},"14":{"name":"(anonymous_14)","decl":{"start":{"line":114,"column":33},"end":{"line":114,"column":34}},"loc":{"start":{"line":114,"column":39},"end":{"line":114,"column":62}},"line":114}},"branchMap":{"0":{"loc":{"start":{"line":9,"column":4},"end":{"line":14,"column":5}},"type":"if","locations":[{"start":{"line":9,"column":4},"end":{"line":14,"column":5}},{"start":{},"end":{}}],"line":9},"1":{"loc":{"start":{"line":98,"column":18},"end":{"line":98,"column":66}},"type":"cond-expr","locations":[{"start":{"line":98,"column":38},"end":{"line":98,"column":52}},{"start":{"line":98,"column":55},"end":{"line":98,"column":66}}],"line":98},"2":{"loc":{"start":{"line":101,"column":19},"end":{"line":104,"column":47}},"type":"cond-expr","locations":[{"start":{"line":102,"column":20},"end":{"line":104,"column":39}},{"start":{"line":104,"column":42},"end":{"line":104,"column":47}}],"line":101}},"s":{"0":3,"1":1,"2":0,"3":0,"4":0,"5":0,"6":1,"7":3,"8":3,"9":3,"10":3,"11":3,"12":0,"13":0,"14":0,"15":0,"16":0,"17":0,"18":0,"19":0,"20":0,"21":0,"22":0,"23":0,"24":0,"25":0,"26":0,"27":0,"28":0,"29":0,"30":0,"31":3,"32":0,"33":0,"34":0,"35":0,"36":0,"37":0,"38":0,"39":0,"40":1},"f":{"0":3,"1":1,"2":0,"3":0,"4":0,"5":0,"6":0,"7":0,"8":0,"9":0,"10":0,"11":0,"12":0,"13":0,"14":0},"b":{"0":[0,1],"1":[0,0],"2":[0,3]},"_coverageSchema":"1a1c01bbd47fc00a2c39e90264f33305004495a9","hash":"5aa3f0e1f04ed1799eae2025b1836b2a67ec50b4"}
,"/Users/lucas.costa/Documents/Projects_Mac/Alura/ReactNative/expo/guardandoLocalmente/src/servicos/Notas.js": {"path":"/Users/lucas.costa/Documents/Projects_Mac/Alura/ReactNative/expo/guardandoLocalmente/src/servicos/Notas.js","statementMap":{"0":{"start":{"line":4,"column":2},"end":{"line":8,"column":4}},"1":{"start":{"line":5,"column":4},"end":{"line":7,"column":89}},"2":{"start":{"line":12,"column":4},"end":{"line":18,"column":6}},"3":{"start":{"line":13,"column":8},"end":{"line":17,"column":10}},"4":{"start":{"line":14,"column":12},"end":{"line":16,"column":14}},"5":{"start":{"line":15,"column":16},"end":{"line":15,"column":44}},"6":{"start":{"line":22,"column":2},"end":{"line":28,"column":4}},"7":{"start":{"line":23,"column":4},"end":{"line":27,"column":6}},"8":{"start":{"line":24,"column":6},"end":{"line":26,"column":8}},"9":{"start":{"line":25,"column":8},"end":{"line":25,"column":47}},"10":{"start":{"line":31,"column":2},"end":{"line":37,"column":4}},"11":{"start":{"line":32,"column":4},"end":{"line":36,"column":6}},"12":{"start":{"line":33,"column":6},"end":{"line":35,"column":8}},"13":{"start":{"line":34,"column":8},"end":{"line":34,"column":47}},"14":{"start":{"line":40,"column":2},"end":{"line":46,"column":4}},"15":{"start":{"line":41,"column":4},"end":{"line":45,"column":6}},"16":{"start":{"line":42,"column":6},"end":{"line":44,"column":8}},"17":{"start":{"line":43,"column":8},"end":{"line":43,"column":45}},"18":{"start":{"line":49,"column":2},"end":{"line":55,"column":4}},"19":{"start":{"line":50,"column":4},"end":{"line":54,"column":6}},"20":{"start":{"line":51,"column":6},"end":{"line":53,"column":8}},"21":{"start":{"line":52,"column":8},"end":{"line":52,"column":38}}},"fnMap":{"0":{"name":"criaTabela","decl":{"start":{"line":3,"column":16},"end":{"line":3,"column":26}},"loc":{"start":{"line":3,"column":29},"end":{"line":9,"column":1}},"line":3},"1":{"name":"(anonymous_1)","decl":{"start":{"line":4,"column":17},"end":{"line":4,"column":18}},"loc":{"start":{"line":4,"column":34},"end":{"line":8,"column":3}},"line":4},"2":{"name":"filtraPorCategoria","decl":{"start":{"line":11,"column":22},"end":{"line":11,"column":40}},"loc":{"start":{"line":11,"column":52},"end":{"line":19,"column":3}},"line":11},"3":{"name":"(anonymous_3)","decl":{"start":{"line":12,"column":23},"end":{"line":12,"column":24}},"loc":{"start":{"line":12,"column":36},"end":{"line":18,"column":5}},"line":12},"4":{"name":"(anonymous_4)","decl":{"start":{"line":13,"column":23},"end":{"line":13,"column":24}},"loc":{"start":{"line":13,"column":31},"end":{"line":17,"column":9}},"line":13},"5":{"name":"(anonymous_5)","decl":{"start":{"line":14,"column":83},"end":{"line":14,"column":84}},"loc":{"start":{"line":14,"column":100},"end":{"line":16,"column":13}},"line":14},"6":{"name":"adicionaNota","decl":{"start":{"line":21,"column":22},"end":{"line":21,"column":34}},"loc":{"start":{"line":21,"column":41},"end":{"line":29,"column":1}},"line":21},"7":{"name":"(anonymous_7)","decl":{"start":{"line":22,"column":21},"end":{"line":22,"column":22}},"loc":{"start":{"line":22,"column":34},"end":{"line":28,"column":3}},"line":22},"8":{"name":"(anonymous_8)","decl":{"start":{"line":23,"column":19},"end":{"line":23,"column":20}},"loc":{"start":{"line":23,"column":36},"end":{"line":27,"column":5}},"line":23},"9":{"name":"(anonymous_9)","decl":{"start":{"line":24,"column":138},"end":{"line":24,"column":139}},"loc":{"start":{"line":24,"column":144},"end":{"line":26,"column":7}},"line":24},"10":{"name":"atualizaNota","decl":{"start":{"line":30,"column":22},"end":{"line":30,"column":34}},"loc":{"start":{"line":30,"column":41},"end":{"line":38,"column":1}},"line":30},"11":{"name":"(anonymous_11)","decl":{"start":{"line":31,"column":21},"end":{"line":31,"column":22}},"loc":{"start":{"line":31,"column":34},"end":{"line":37,"column":3}},"line":31},"12":{"name":"(anonymous_12)","decl":{"start":{"line":32,"column":19},"end":{"line":32,"column":20}},"loc":{"start":{"line":32,"column":36},"end":{"line":36,"column":5}},"line":32},"13":{"name":"(anonymous_13)","decl":{"start":{"line":33,"column":152},"end":{"line":33,"column":153}},"loc":{"start":{"line":33,"column":158},"end":{"line":35,"column":7}},"line":33},"14":{"name":"removeNota","decl":{"start":{"line":39,"column":22},"end":{"line":39,"column":32}},"loc":{"start":{"line":39,"column":39},"end":{"line":47,"column":1}},"line":39},"15":{"name":"(anonymous_15)","decl":{"start":{"line":40,"column":21},"end":{"line":40,"column":22}},"loc":{"start":{"line":40,"column":34},"end":{"line":46,"column":3}},"line":40},"16":{"name":"(anonymous_16)","decl":{"start":{"line":41,"column":19},"end":{"line":41,"column":20}},"loc":{"start":{"line":41,"column":36},"end":{"line":45,"column":5}},"line":41},"17":{"name":"(anonymous_17)","decl":{"start":{"line":42,"column":75},"end":{"line":42,"column":76}},"loc":{"start":{"line":42,"column":81},"end":{"line":44,"column":7}},"line":42},"18":{"name":"buscaNotas","decl":{"start":{"line":48,"column":22},"end":{"line":48,"column":32}},"loc":{"start":{"line":48,"column":35},"end":{"line":56,"column":1}},"line":48},"19":{"name":"(anonymous_19)","decl":{"start":{"line":49,"column":21},"end":{"line":49,"column":22}},"loc":{"start":{"line":49,"column":34},"end":{"line":55,"column":3}},"line":49},"20":{"name":"(anonymous_20)","decl":{"start":{"line":50,"column":19},"end":{"line":50,"column":20}},"loc":{"start":{"line":50,"column":36},"end":{"line":54,"column":5}},"line":50},"21":{"name":"(anonymous_21)","decl":{"start":{"line":51,"column":57},"end":{"line":51,"column":58}},"loc":{"start":{"line":51,"column":85},"end":{"line":53,"column":7}},"line":51}},"branchMap":{},"s":{"0":0,"1":0,"2":0,"3":0,"4":0,"5":0,"6":0,"7":0,"8":0,"9":0,"10":0,"11":0,"12":0,"13":0,"14":0,"15":0,"16":0,"17":0,"18":0,"19":0,"20":0,"21":0},"f":{"0":0,"1":0,"2":0,"3":0,"4":0,"5":0,"6":0,"7":0,"8":0,"9":0,"10":0,"11":0,"12":0,"13":0,"14":0,"15":0,"16":0,"17":0,"18":0,"19":0,"20":0,"21":0},"b":{}}
,"/Users/lucas.costa/Documents/Projects_Mac/Alura/ReactNative/expo/guardandoLocalmente/src/servicos/SQlite.js": {"path":"/Users/lucas.costa/Documents/Projects_Mac/Alura/ReactNative/expo/guardandoLocalmente/src/servicos/SQlite.js","statementMap":{"0":{"start":{"line":5,"column":21},"end":{"line":5,"column":49}},"1":{"start":{"line":6,"column":4},"end":{"line":6,"column":20}},"2":{"start":{"line":9,"column":18},"end":{"line":9,"column":31}}},"fnMap":{"0":{"name":"abreConexao","decl":{"start":{"line":4,"column":9},"end":{"line":4,"column":20}},"loc":{"start":{"line":4,"column":23},"end":{"line":7,"column":1}},"line":4}},"branchMap":{},"s":{"0":0,"1":0,"2":0},"f":{"0":0},"b":{}}
}
