TN:
SF:App.js
FN:7,App
FN:8,(anonymous_1)
FN:15,mostraNotas
FN:20,filtraLista
FN:32,(anonymous_4)
FN:33,(anonymous_5)
FN:35,(anonymous_6)
FN:37,(anonymous_7)
FNF:8
FNH:6
FNDA:4,App
FNDA:1,(anonymous_1)
FNDA:2,mostraNotas
FNDA:1,filtraLista
FNDA:0,(anonymous_4)
FNDA:0,(anonymous_5)
FNDA:3,(anonymous_6)
FNDA:1,(anonymous_7)
DA:8,4
DA:9,1
DA:10,1
DA:12,3
DA:13,3
DA:14,3
DA:16,2
DA:17,2
DA:18,2
DA:21,1
DA:22,1
DA:23,1
DA:25,0
DA:28,3
DA:32,0
DA:33,0
DA:35,3
DA:37,1
DA:50,1
LF:19
LH:16
BRDA:22,0,0,1
BRDA:22,0,1,0
BRF:2
BRH:1
end_of_record
TN:
SF:src/components/Nota.js
FN:3,Nota
FN:8,(anonymous_1)
FN:16,(anonymous_2)
FNF:3
FNH:0
FNDA:0,Nota
FNDA:0,(anonymous_1)
FNDA:0,(anonymous_2)
DA:4,0
DA:5,0
DA:7,0
DA:8,0
DA:16,1
LF:5
LH:1
BRF:0
BRH:0
end_of_record
TN:
SF:src/components/NotaEditor.js
FN:7,NotaEditor
FN:8,(anonymous_1)
FN:22,salvaNota
FN:32,modificaNota
FN:43,deletaNota
FN:48,preencheModal
FN:53,limpaModal
FN:66,(anonymous_7)
FN:75,(anonymous_8)
FN:82,(anonymous_9)
FN:93,(anonymous_10)
FN:97,(anonymous_11)
FN:102,(anonymous_12)
FN:106,(anonymous_13)
FN:114,(anonymous_14)
FNF:15
FNH:2
FNDA:3,NotaEditor
FNDA:1,(anonymous_1)
FNDA:0,salvaNota
FNDA:0,modificaNota
FNDA:0,deletaNota
FNDA:0,preencheModal
FNDA:0,limpaModal
FNDA:0,(anonymous_7)
FNDA:0,(anonymous_8)
FNDA:0,(anonymous_9)
FNDA:0,(anonymous_10)
FNDA:0,(anonymous_11)
FNDA:0,(anonymous_12)
FNDA:0,(anonymous_13)
FNDA:0,(anonymous_14)
DA:8,3
DA:9,1
DA:10,0
DA:11,0
DA:12,0
DA:13,0
DA:15,1
DA:17,3
DA:18,3
DA:19,3
DA:20,3
DA:21,3
DA:23,0
DA:28,0
DA:29,0
DA:30,0
DA:33,0
DA:39,0
DA:40,0
DA:41,0
DA:44,0
DA:45,0
DA:46,0
DA:49,0
DA:50,0
DA:51,0
DA:54,0
DA:55,0
DA:56,0
DA:57,0
DA:58,0
DA:60,3
DA:66,0
DA:75,0
DA:82,0
DA:93,0
DA:98,0
DA:102,0
DA:106,0
DA:114,0
DA:121,1
LF:41
LH:10
BRDA:9,0,0,0
BRDA:9,0,1,1
BRDA:98,1,0,0
BRDA:98,1,1,0
BRDA:101,2,0,0
BRDA:101,2,1,3
BRF:6
BRH:2
end_of_record
TN:
SF:src/servicos/Notas.js
FN:3,criaTabela
FN:4,(anonymous_1)
FN:11,filtraPorCategoria
FN:12,(anonymous_3)
FN:13,(anonymous_4)
FN:14,(anonymous_5)
FN:21,adicionaNota
FN:22,(anonymous_7)
FN:23,(anonymous_8)
FN:24,(anonymous_9)
FN:30,atualizaNota
FN:31,(anonymous_11)
FN:32,(anonymous_12)
FN:33,(anonymous_13)
FN:39,removeNota
FN:40,(anonymous_15)
FN:41,(anonymous_16)
FN:42,(anonymous_17)
FN:48,buscaNotas
FN:49,(anonymous_19)
FN:50,(anonymous_20)
FN:51,(anonymous_21)
FNF:22
FNH:0
FNDA:0,criaTabela
FNDA:0,(anonymous_1)
FNDA:0,filtraPorCategoria
FNDA:0,(anonymous_3)
FNDA:0,(anonymous_4)
FNDA:0,(anonymous_5)
FNDA:0,adicionaNota
FNDA:0,(anonymous_7)
FNDA:0,(anonymous_8)
FNDA:0,(anonymous_9)
FNDA:0,atualizaNota
FNDA:0,(anonymous_11)
FNDA:0,(anonymous_12)
FNDA:0,(anonymous_13)
FNDA:0,removeNota
FNDA:0,(anonymous_15)
FNDA:0,(anonymous_16)
FNDA:0,(anonymous_17)
FNDA:0,buscaNotas
FNDA:0,(anonymous_19)
FNDA:0,(anonymous_20)
FNDA:0,(anonymous_21)
DA:4,0
DA:5,0
DA:12,0
DA:13,0
DA:14,0
DA:15,0
DA:22,0
DA:23,0
DA:24,0
DA:25,0
DA:31,0
DA:32,0
DA:33,0
DA:34,0
DA:40,0
DA:41,0
DA:42,0
DA:43,0
DA:49,0
DA:50,0
DA:51,0
DA:52,0
LF:22
LH:0
BRF:0
BRH:0
end_of_record
TN:
SF:src/servicos/SQlite.js
FN:4,abreConexao
FNF:1
FNH:0
FNDA:0,abreConexao
DA:5,0
DA:6,0
DA:9,0
LF:3
LH:0
BRF:0
BRH:0
end_of_record
